[0.116s] DEBUG:colcon:Command line arguments: ['/usr/bin/colcon', 'build']
[0.116s] DEBUG:colcon:Parsed command line arguments: Namespace(log_base=None, log_level=None, verb_name='build', build_base='build', install_base='install', merge_install=False, symlink_install=False, test_result_base=None, continue_on_error=False, executor='parallel', parallel_workers=12, event_handlers=None, ignore_user_meta=False, metas=['./colcon.meta'], base_paths=['.'], packages_ignore=None, packages_ignore_regex=None, paths=None, packages_up_to=None, packages_up_to_regex=None, packages_above=None, packages_above_and_dependencies=None, packages_above_depth=None, packages_select_by_dep=None, packages_skip_by_dep=None, packages_skip_up_to=None, packages_select_build_failed=False, packages_skip_build_finished=False, packages_select_test_failures=False, packages_skip_test_passed=False, packages_select=None, packages_skip=None, packages_select_regex=None, packages_skip_regex=None, packages_start=None, packages_end=None, cmake_args=None, cmake_target=None, cmake_target_skip_unavailable=False, cmake_clean_cache=False, cmake_clean_first=False, cmake_force_configure=False, ament_cmake_args=None, catkin_cmake_args=None, catkin_skip_building_tests=False, mixin_files=None, mixin=None, verb_parser=<colcon_mixin.mixin.mixin_argument.MixinArgumentDecorator object at 0x7f53c20ba7d0>, verb_extension=<colcon_core.verb.build.BuildVerb object at 0x7f53c21c7640>, main=<bound method BuildVerb.main of <colcon_core.verb.build.BuildVerb object at 0x7f53c21c7640>>, mixin_verb=('build',))
[0.256s] Level 1:colcon.colcon_core.package_discovery:discover_packages(colcon_meta) check parameters
[0.257s] Level 1:colcon.colcon_core.package_discovery:discover_packages(recursive) check parameters
[0.257s] Level 1:colcon.colcon_core.package_discovery:discover_packages(ignore) check parameters
[0.257s] Level 1:colcon.colcon_core.package_discovery:discover_packages(path) check parameters
[0.257s] Level 1:colcon.colcon_core.package_discovery:discover_packages(colcon_meta) discover
[0.257s] Level 1:colcon.colcon_core.package_discovery:discover_packages(recursive) discover
[0.257s] INFO:colcon.colcon_core.package_discovery:Crawling recursively for packages in '/home/student/AdR/ros2_ws'
[0.257s] Level 1:colcon.colcon_core.package_identification:_identify(.) by extensions ['ignore', 'ignore_ament_install']
[0.257s] Level 1:colcon.colcon_core.package_identification:_identify(.) by extension 'ignore'
[0.257s] Level 1:colcon.colcon_core.package_identification:_identify(.) by extension 'ignore_ament_install'
[0.257s] Level 1:colcon.colcon_core.package_identification:_identify(.) by extensions ['colcon_pkg']
[0.257s] Level 1:colcon.colcon_core.package_identification:_identify(.) by extension 'colcon_pkg'
[0.257s] Level 1:colcon.colcon_core.package_identification:_identify(.) by extensions ['colcon_meta']
[0.258s] Level 1:colcon.colcon_core.package_identification:_identify(.) by extension 'colcon_meta'
[0.258s] Level 1:colcon.colcon_core.package_identification:_identify(.) by extensions ['ros']
[0.258s] Level 1:colcon.colcon_core.package_identification:_identify(.) by extension 'ros'
[0.270s] Level 1:colcon.colcon_core.package_identification:_identify(.) by extensions ['cmake', 'python']
[0.270s] Level 1:colcon.colcon_core.package_identification:_identify(.) by extension 'cmake'
[0.270s] Level 1:colcon.colcon_core.package_identification:_identify(.) by extension 'python'
[0.270s] Level 1:colcon.colcon_core.package_identification:_identify(.) by extensions ['python_setup_py']
[0.270s] Level 1:colcon.colcon_core.package_identification:_identify(.) by extension 'python_setup_py'
[0.271s] Level 1:colcon.colcon_core.package_identification:_identify(build) by extensions ['ignore', 'ignore_ament_install']
[0.271s] Level 1:colcon.colcon_core.package_identification:_identify(build) by extension 'ignore'
[0.271s] Level 1:colcon.colcon_core.package_identification:_identify(build) ignored
[0.271s] Level 1:colcon.colcon_core.package_identification:_identify(install) by extensions ['ignore', 'ignore_ament_install']
[0.271s] Level 1:colcon.colcon_core.package_identification:_identify(install) by extension 'ignore'
[0.271s] Level 1:colcon.colcon_core.package_identification:_identify(install) ignored
[0.271s] Level 1:colcon.colcon_core.package_identification:_identify(log) by extensions ['ignore', 'ignore_ament_install']
[0.271s] Level 1:colcon.colcon_core.package_identification:_identify(log) by extension 'ignore'
[0.271s] Level 1:colcon.colcon_core.package_identification:_identify(log) ignored
[0.271s] Level 1:colcon.colcon_core.package_identification:_identify(src) by extensions ['ignore', 'ignore_ament_install']
[0.271s] Level 1:colcon.colcon_core.package_identification:_identify(src) by extension 'ignore'
[0.271s] Level 1:colcon.colcon_core.package_identification:_identify(src) by extension 'ignore_ament_install'
[0.271s] Level 1:colcon.colcon_core.package_identification:_identify(src) by extensions ['colcon_pkg']
[0.271s] Level 1:colcon.colcon_core.package_identification:_identify(src) by extension 'colcon_pkg'
[0.272s] Level 1:colcon.colcon_core.package_identification:_identify(src) by extensions ['colcon_meta']
[0.272s] Level 1:colcon.colcon_core.package_identification:_identify(src) by extension 'colcon_meta'
[0.272s] Level 1:colcon.colcon_core.package_identification:_identify(src) by extensions ['ros']
[0.272s] Level 1:colcon.colcon_core.package_identification:_identify(src) by extension 'ros'
[0.272s] Level 1:colcon.colcon_core.package_identification:_identify(src) by extensions ['cmake', 'python']
[0.272s] Level 1:colcon.colcon_core.package_identification:_identify(src) by extension 'cmake'
[0.272s] Level 1:colcon.colcon_core.package_identification:_identify(src) by extension 'python'
[0.272s] Level 1:colcon.colcon_core.package_identification:_identify(src) by extensions ['python_setup_py']
[0.272s] Level 1:colcon.colcon_core.package_identification:_identify(src) by extension 'python_setup_py'
[0.272s] Level 1:colcon.colcon_core.package_identification:_identify(src/example_interfaces) by extensions ['ignore', 'ignore_ament_install']
[0.272s] Level 1:colcon.colcon_core.package_identification:_identify(src/example_interfaces) by extension 'ignore'
[0.272s] Level 1:colcon.colcon_core.package_identification:_identify(src/example_interfaces) by extension 'ignore_ament_install'
[0.272s] Level 1:colcon.colcon_core.package_identification:_identify(src/example_interfaces) by extensions ['colcon_pkg']
[0.272s] Level 1:colcon.colcon_core.package_identification:_identify(src/example_interfaces) by extension 'colcon_pkg'
[0.272s] Level 1:colcon.colcon_core.package_identification:_identify(src/example_interfaces) by extensions ['colcon_meta']
[0.272s] Level 1:colcon.colcon_core.package_identification:_identify(src/example_interfaces) by extension 'colcon_meta'
[0.272s] Level 1:colcon.colcon_core.package_identification:_identify(src/example_interfaces) by extensions ['ros']
[0.272s] Level 1:colcon.colcon_core.package_identification:_identify(src/example_interfaces) by extension 'ros'
[0.275s] DEBUG:colcon.colcon_core.package_identification:Package 'src/example_interfaces' with type 'ros.ament_cmake' and name 'example_interfaces'
[0.275s] Level 1:colcon.colcon_core.package_identification:_identify(src/pr1) by extensions ['ignore', 'ignore_ament_install']
[0.275s] Level 1:colcon.colcon_core.package_identification:_identify(src/pr1) by extension 'ignore'
[0.275s] Level 1:colcon.colcon_core.package_identification:_identify(src/pr1) by extension 'ignore_ament_install'
[0.275s] Level 1:colcon.colcon_core.package_identification:_identify(src/pr1) by extensions ['colcon_pkg']
[0.275s] Level 1:colcon.colcon_core.package_identification:_identify(src/pr1) by extension 'colcon_pkg'
[0.275s] Level 1:colcon.colcon_core.package_identification:_identify(src/pr1) by extensions ['colcon_meta']
[0.275s] Level 1:colcon.colcon_core.package_identification:_identify(src/pr1) by extension 'colcon_meta'
[0.275s] Level 1:colcon.colcon_core.package_identification:_identify(src/pr1) by extensions ['ros']
[0.276s] Level 1:colcon.colcon_core.package_identification:_identify(src/pr1) by extension 'ros'
[0.277s] DEBUG:colcon.colcon_core.package_identification:Package 'src/pr1' with type 'ros.ament_python' and name 'pr1'
[0.277s] Level 1:colcon.colcon_core.package_discovery:discover_packages(recursive) using defaults
[0.278s] Level 1:colcon.colcon_core.package_discovery:discover_packages(ignore) discover
[0.278s] Level 1:colcon.colcon_core.package_discovery:discover_packages(ignore) using defaults
[0.278s] Level 1:colcon.colcon_core.package_discovery:discover_packages(path) discover
[0.278s] Level 1:colcon.colcon_core.package_discovery:discover_packages(path) using defaults
[0.299s] Level 5:colcon.colcon_core.verb:set package 'example_interfaces' build argument 'cmake_args' from command line to 'None'
[0.299s] Level 5:colcon.colcon_core.verb:set package 'example_interfaces' build argument 'cmake_target' from command line to 'None'
[0.299s] Level 5:colcon.colcon_core.verb:set package 'example_interfaces' build argument 'cmake_target_skip_unavailable' from command line to 'False'
[0.299s] Level 5:colcon.colcon_core.verb:set package 'example_interfaces' build argument 'cmake_clean_cache' from command line to 'False'
[0.299s] Level 5:colcon.colcon_core.verb:set package 'example_interfaces' build argument 'cmake_clean_first' from command line to 'False'
[0.299s] Level 5:colcon.colcon_core.verb:set package 'example_interfaces' build argument 'cmake_force_configure' from command line to 'False'
[0.299s] Level 5:colcon.colcon_core.verb:set package 'example_interfaces' build argument 'ament_cmake_args' from command line to 'None'
[0.299s] Level 5:colcon.colcon_core.verb:set package 'example_interfaces' build argument 'catkin_cmake_args' from command line to 'None'
[0.299s] Level 5:colcon.colcon_core.verb:set package 'example_interfaces' build argument 'catkin_skip_building_tests' from command line to 'False'
[0.299s] DEBUG:colcon.colcon_core.verb:Building package 'example_interfaces' with the following arguments: {'ament_cmake_args': None, 'build_base': '/home/student/AdR/ros2_ws/build/example_interfaces', 'catkin_cmake_args': None, 'catkin_skip_building_tests': False, 'cmake_args': None, 'cmake_clean_cache': False, 'cmake_clean_first': False, 'cmake_force_configure': False, 'cmake_target': None, 'cmake_target_skip_unavailable': False, 'install_base': '/home/student/AdR/ros2_ws/install/example_interfaces', 'merge_install': False, 'path': '/home/student/AdR/ros2_ws/src/example_interfaces', 'symlink_install': False, 'test_result_base': None}
[0.299s] Level 5:colcon.colcon_core.verb:set package 'pr1' build argument 'cmake_args' from command line to 'None'
[0.300s] Level 5:colcon.colcon_core.verb:set package 'pr1' build argument 'cmake_target' from command line to 'None'
[0.300s] Level 5:colcon.colcon_core.verb:set package 'pr1' build argument 'cmake_target_skip_unavailable' from command line to 'False'
[0.300s] Level 5:colcon.colcon_core.verb:set package 'pr1' build argument 'cmake_clean_cache' from command line to 'False'
[0.300s] Level 5:colcon.colcon_core.verb:set package 'pr1' build argument 'cmake_clean_first' from command line to 'False'
[0.300s] Level 5:colcon.colcon_core.verb:set package 'pr1' build argument 'cmake_force_configure' from command line to 'False'
[0.300s] Level 5:colcon.colcon_core.verb:set package 'pr1' build argument 'ament_cmake_args' from command line to 'None'
[0.300s] Level 5:colcon.colcon_core.verb:set package 'pr1' build argument 'catkin_cmake_args' from command line to 'None'
[0.300s] Level 5:colcon.colcon_core.verb:set package 'pr1' build argument 'catkin_skip_building_tests' from command line to 'False'
[0.300s] DEBUG:colcon.colcon_core.verb:Building package 'pr1' with the following arguments: {'ament_cmake_args': None, 'build_base': '/home/student/AdR/ros2_ws/build/pr1', 'catkin_cmake_args': None, 'catkin_skip_building_tests': False, 'cmake_args': None, 'cmake_clean_cache': False, 'cmake_clean_first': False, 'cmake_force_configure': False, 'cmake_target': None, 'cmake_target_skip_unavailable': False, 'install_base': '/home/student/AdR/ros2_ws/install/pr1', 'merge_install': False, 'path': '/home/student/AdR/ros2_ws/src/pr1', 'symlink_install': False, 'test_result_base': None}
[0.300s] INFO:colcon.colcon_core.executor:Executing jobs using 'parallel' executor
[0.302s] DEBUG:colcon.colcon_parallel_executor.executor.parallel:run_until_complete
[0.302s] INFO:colcon.colcon_ros.task.ament_cmake.build:Building ROS package in '/home/student/AdR/ros2_ws/src/example_interfaces' with build type 'ament_cmake'
[0.303s] INFO:colcon.colcon_cmake.task.cmake.build:Building CMake package in '/home/student/AdR/ros2_ws/src/example_interfaces'
[0.306s] INFO:colcon.colcon_core.plugin_system:Skipping extension 'colcon_core.shell.bat': Not used on non-Windows systems
[0.306s] INFO:colcon.colcon_core.shell:Skip shell extension 'powershell' for command environment: Not usable outside of PowerShell
[0.306s] DEBUG:colcon.colcon_core.shell:Skip shell extension 'dsv' for command environment
[0.312s] INFO:colcon.colcon_ros.task.ament_python.build:Building ROS package in '/home/student/AdR/ros2_ws/src/pr1' with build type 'ament_python'
[0.312s] Level 1:colcon.colcon_core.shell:create_environment_hook('pr1', 'ament_prefix_path')
[0.312s] INFO:colcon.colcon_core.shell:Creating environment hook '/home/student/AdR/ros2_ws/install/pr1/share/pr1/hook/ament_prefix_path.ps1'
[0.315s] INFO:colcon.colcon_core.shell:Creating environment descriptor '/home/student/AdR/ros2_ws/install/pr1/share/pr1/hook/ament_prefix_path.dsv'
[0.315s] INFO:colcon.colcon_core.shell:Creating environment hook '/home/student/AdR/ros2_ws/install/pr1/share/pr1/hook/ament_prefix_path.sh'
[0.316s] INFO:colcon.colcon_core.shell:Skip shell extension 'powershell' for command environment: Not usable outside of PowerShell
[0.316s] DEBUG:colcon.colcon_core.shell:Skip shell extension 'dsv' for command environment
[0.332s] DEBUG:colcon.colcon_core.event_handler.log_command:Invoking command in '/home/student/AdR/ros2_ws/build/example_interfaces': CMAKE_PREFIX_PATH=${CMAKE_PREFIX_PATH}:/home/student/AdR/ros2_ws/install/pr1:/opt/ros/humble /usr/bin/cmake --build /home/student/AdR/ros2_ws/build/example_interfaces -- -j12 -l12
[0.582s] INFO:colcon.colcon_core.task.python.build:Building Python package in '/home/student/AdR/ros2_ws/src/pr1'
[0.825s] INFO:colcon.colcon_core.shell:Skip shell extension 'powershell' for command environment: Not usable outside of PowerShell
[0.825s] DEBUG:colcon.colcon_core.shell:Skip shell extension 'dsv' for command environment
[0.902s] DEBUG:colcon.colcon_core.event_handler.log_command:Invoked command in '/home/student/AdR/ros2_ws/build/example_interfaces' returned '0': CMAKE_PREFIX_PATH=${CMAKE_PREFIX_PATH}:/home/student/AdR/ros2_ws/install/pr1:/opt/ros/humble /usr/bin/cmake --build /home/student/AdR/ros2_ws/build/example_interfaces -- -j12 -l12
[0.914s] DEBUG:colcon.colcon_core.event_handler.log_command:Invoking command in '/home/student/AdR/ros2_ws/build/example_interfaces': CMAKE_PREFIX_PATH=${CMAKE_PREFIX_PATH}:/home/student/AdR/ros2_ws/install/pr1:/opt/ros/humble /usr/bin/cmake --install /home/student/AdR/ros2_ws/build/example_interfaces
[1.033s] Level 1:colcon.colcon_core.environment:create_environment_scripts_only(example_interfaces)
[1.034s] DEBUG:colcon.colcon_core.event_handler.log_command:Invoked command in '/home/student/AdR/ros2_ws/build/example_interfaces' returned '0': CMAKE_PREFIX_PATH=${CMAKE_PREFIX_PATH}:/home/student/AdR/ros2_ws/install/pr1:/opt/ros/humble /usr/bin/cmake --install /home/student/AdR/ros2_ws/build/example_interfaces
[1.036s] Level 1:colcon.colcon_core.environment:checking '/home/student/AdR/ros2_ws/install/example_interfaces' for CMake module files
[1.037s] Level 1:colcon.colcon_core.environment:checking '/home/student/AdR/ros2_ws/install/example_interfaces' for CMake config files
[1.039s] Level 1:colcon.colcon_core.shell:create_environment_hook('example_interfaces', 'cmake_prefix_path')
[1.039s] INFO:colcon.colcon_core.shell:Creating environment hook '/home/student/AdR/ros2_ws/install/example_interfaces/share/example_interfaces/hook/cmake_prefix_path.ps1'
[1.040s] INFO:colcon.colcon_core.shell:Creating environment descriptor '/home/student/AdR/ros2_ws/install/example_interfaces/share/example_interfaces/hook/cmake_prefix_path.dsv'
[1.040s] INFO:colcon.colcon_core.shell:Creating environment hook '/home/student/AdR/ros2_ws/install/example_interfaces/share/example_interfaces/hook/cmake_prefix_path.sh'
[1.041s] Level 1:colcon.colcon_core.environment:checking '/home/student/AdR/ros2_ws/install/example_interfaces/lib'
[1.041s] Level 1:colcon.colcon_core.shell:create_environment_hook('example_interfaces', 'ld_library_path_lib')
[1.041s] INFO:colcon.colcon_core.shell:Creating environment hook '/home/student/AdR/ros2_ws/install/example_interfaces/share/example_interfaces/hook/ld_library_path_lib.ps1'
[1.042s] INFO:colcon.colcon_core.shell:Creating environment descriptor '/home/student/AdR/ros2_ws/install/example_interfaces/share/example_interfaces/hook/ld_library_path_lib.dsv'
[1.042s] INFO:colcon.colcon_core.shell:Creating environment hook '/home/student/AdR/ros2_ws/install/example_interfaces/share/example_interfaces/hook/ld_library_path_lib.sh'
[1.043s] Level 1:colcon.colcon_core.environment:checking '/home/student/AdR/ros2_ws/install/example_interfaces/bin'
[1.043s] Level 1:colcon.colcon_core.environment:checking '/home/student/AdR/ros2_ws/install/example_interfaces/lib/pkgconfig/example_interfaces.pc'
[1.043s] Level 1:colcon.colcon_core.environment:checking '/home/student/AdR/ros2_ws/install/example_interfaces/lib/python3.10/site-packages'
[1.043s] Level 1:colcon.colcon_core.environment:checking '/home/student/AdR/ros2_ws/install/example_interfaces/bin'
[1.044s] INFO:colcon.colcon_core.shell:Creating package script '/home/student/AdR/ros2_ws/install/example_interfaces/share/example_interfaces/package.ps1'
[1.044s] INFO:colcon.colcon_core.shell:Creating package descriptor '/home/student/AdR/ros2_ws/install/example_interfaces/share/example_interfaces/package.dsv'
[1.045s] INFO:colcon.colcon_core.shell:Creating package script '/home/student/AdR/ros2_ws/install/example_interfaces/share/example_interfaces/package.sh'
[1.046s] INFO:colcon.colcon_core.shell:Creating package script '/home/student/AdR/ros2_ws/install/example_interfaces/share/example_interfaces/package.bash'
[1.047s] INFO:colcon.colcon_core.shell:Creating package script '/home/student/AdR/ros2_ws/install/example_interfaces/share/example_interfaces/package.zsh'
[1.048s] Level 1:colcon.colcon_core.environment:create_file_with_runtime_dependencies(/home/student/AdR/ros2_ws/install/example_interfaces/share/colcon-core/packages/example_interfaces)
[1.048s] Level 1:colcon.colcon_core.environment:create_environment_scripts_only(example_interfaces)
[1.049s] Level 1:colcon.colcon_core.environment:checking '/home/student/AdR/ros2_ws/install/example_interfaces' for CMake module files
[1.049s] Level 1:colcon.colcon_core.environment:checking '/home/student/AdR/ros2_ws/install/example_interfaces' for CMake config files
[1.051s] Level 1:colcon.colcon_core.shell:create_environment_hook('example_interfaces', 'cmake_prefix_path')
[1.051s] INFO:colcon.colcon_core.shell:Creating environment hook '/home/student/AdR/ros2_ws/install/example_interfaces/share/example_interfaces/hook/cmake_prefix_path.ps1'
[1.203s] INFO:colcon.colcon_core.shell:Creating environment descriptor '/home/student/AdR/ros2_ws/install/example_interfaces/share/example_interfaces/hook/cmake_prefix_path.dsv'
[1.204s] INFO:colcon.colcon_core.shell:Creating environment hook '/home/student/AdR/ros2_ws/install/example_interfaces/share/example_interfaces/hook/cmake_prefix_path.sh'
[1.205s] Level 1:colcon.colcon_core.environment:checking '/home/student/AdR/ros2_ws/install/example_interfaces/lib'
[1.205s] Level 1:colcon.colcon_core.shell:create_environment_hook('example_interfaces', 'ld_library_path_lib')
[1.205s] INFO:colcon.colcon_core.shell:Creating environment hook '/home/student/AdR/ros2_ws/install/example_interfaces/share/example_interfaces/hook/ld_library_path_lib.ps1'
[1.206s] INFO:colcon.colcon_core.shell:Creating environment descriptor '/home/student/AdR/ros2_ws/install/example_interfaces/share/example_interfaces/hook/ld_library_path_lib.dsv'
[1.206s] INFO:colcon.colcon_core.shell:Creating environment hook '/home/student/AdR/ros2_ws/install/example_interfaces/share/example_interfaces/hook/ld_library_path_lib.sh'
[1.206s] Level 1:colcon.colcon_core.environment:checking '/home/student/AdR/ros2_ws/install/example_interfaces/bin'
[1.206s] Level 1:colcon.colcon_core.environment:checking '/home/student/AdR/ros2_ws/install/example_interfaces/lib/pkgconfig/example_interfaces.pc'
[1.207s] Level 1:colcon.colcon_core.environment:checking '/home/student/AdR/ros2_ws/install/example_interfaces/lib/python3.10/site-packages'
[1.207s] Level 1:colcon.colcon_core.environment:checking '/home/student/AdR/ros2_ws/install/example_interfaces/bin'
[1.207s] INFO:colcon.colcon_core.shell:Creating package script '/home/student/AdR/ros2_ws/install/example_interfaces/share/example_interfaces/package.ps1'
[1.208s] INFO:colcon.colcon_core.shell:Creating package descriptor '/home/student/AdR/ros2_ws/install/example_interfaces/share/example_interfaces/package.dsv'
[1.208s] INFO:colcon.colcon_core.shell:Creating package script '/home/student/AdR/ros2_ws/install/example_interfaces/share/example_interfaces/package.sh'
[1.209s] INFO:colcon.colcon_core.shell:Creating package script '/home/student/AdR/ros2_ws/install/example_interfaces/share/example_interfaces/package.bash'
[1.210s] INFO:colcon.colcon_core.shell:Creating package script '/home/student/AdR/ros2_ws/install/example_interfaces/share/example_interfaces/package.zsh'
[1.210s] Level 1:colcon.colcon_core.environment:create_file_with_runtime_dependencies(/home/student/AdR/ros2_ws/install/example_interfaces/share/colcon-core/packages/example_interfaces)
[1.216s] DEBUG:colcon.colcon_core.event_handler.log_command:Invoking command in '/home/student/AdR/ros2_ws/src/pr1': PYTHONPATH=/home/student/AdR/ros2_ws/build/pr1/prefix_override:/usr/lib/python3/dist-packages/colcon_core/task/python/colcon_distutils_commands:/home/student/AdR/ros2_ws/install/pr1/lib/python3.10/site-packages:${PYTHONPATH} /usr/bin/python3 -W ignore:setup.py install is deprecated -W ignore:easy_install command is deprecated setup.py egg_info --egg-base ../../build/pr1 build --build-base /home/student/AdR/ros2_ws/build/pr1/build install --record /home/student/AdR/ros2_ws/build/pr1/install.log --single-version-externally-managed install_data
[1.492s] Level 1:colcon.colcon_core.environment:checking '/home/student/AdR/ros2_ws/install/pr1' for CMake module files
[1.493s] DEBUG:colcon.colcon_core.event_handler.log_command:Invoked command in '/home/student/AdR/ros2_ws/src/pr1' returned '0': PYTHONPATH=/home/student/AdR/ros2_ws/build/pr1/prefix_override:/usr/lib/python3/dist-packages/colcon_core/task/python/colcon_distutils_commands:/home/student/AdR/ros2_ws/install/pr1/lib/python3.10/site-packages:${PYTHONPATH} /usr/bin/python3 -W ignore:setup.py install is deprecated -W ignore:easy_install command is deprecated setup.py egg_info --egg-base ../../build/pr1 build --build-base /home/student/AdR/ros2_ws/build/pr1/build install --record /home/student/AdR/ros2_ws/build/pr1/install.log --single-version-externally-managed install_data
[1.494s] Level 1:colcon.colcon_core.environment:checking '/home/student/AdR/ros2_ws/install/pr1' for CMake config files
[1.494s] Level 1:colcon.colcon_core.environment:checking '/home/student/AdR/ros2_ws/install/pr1/lib'
[1.494s] Level 1:colcon.colcon_core.environment:checking '/home/student/AdR/ros2_ws/install/pr1/bin'
[1.494s] Level 1:colcon.colcon_core.environment:checking '/home/student/AdR/ros2_ws/install/pr1/lib/pkgconfig/pr1.pc'
[1.494s] Level 1:colcon.colcon_core.environment:checking '/home/student/AdR/ros2_ws/install/pr1/lib/python3.10/site-packages'
[1.495s] Level 1:colcon.colcon_core.shell:create_environment_hook('pr1', 'pythonpath')
[1.495s] INFO:colcon.colcon_core.shell:Creating environment hook '/home/student/AdR/ros2_ws/install/pr1/share/pr1/hook/pythonpath.ps1'
[1.495s] INFO:colcon.colcon_core.shell:Creating environment descriptor '/home/student/AdR/ros2_ws/install/pr1/share/pr1/hook/pythonpath.dsv'
[1.496s] INFO:colcon.colcon_core.shell:Creating environment hook '/home/student/AdR/ros2_ws/install/pr1/share/pr1/hook/pythonpath.sh'
[1.496s] Level 1:colcon.colcon_core.environment:checking '/home/student/AdR/ros2_ws/install/pr1/bin'
[1.496s] Level 1:colcon.colcon_core.environment:create_environment_scripts_only(pr1)
[1.497s] INFO:colcon.colcon_core.shell:Creating package script '/home/student/AdR/ros2_ws/install/pr1/share/pr1/package.ps1'
[1.497s] INFO:colcon.colcon_core.shell:Creating package descriptor '/home/student/AdR/ros2_ws/install/pr1/share/pr1/package.dsv'
[1.498s] INFO:colcon.colcon_core.shell:Creating package script '/home/student/AdR/ros2_ws/install/pr1/share/pr1/package.sh'
[1.498s] INFO:colcon.colcon_core.shell:Creating package script '/home/student/AdR/ros2_ws/install/pr1/share/pr1/package.bash'
[1.498s] INFO:colcon.colcon_core.shell:Creating package script '/home/student/AdR/ros2_ws/install/pr1/share/pr1/package.zsh'
[1.499s] Level 1:colcon.colcon_core.environment:create_file_with_runtime_dependencies(/home/student/AdR/ros2_ws/install/pr1/share/colcon-core/packages/pr1)
[1.499s] DEBUG:colcon.colcon_parallel_executor.executor.parallel:closing loop
[1.500s] DEBUG:colcon.colcon_parallel_executor.executor.parallel:loop closed
[1.500s] DEBUG:colcon.colcon_parallel_executor.executor.parallel:run_until_complete finished with '0'
[1.500s] DEBUG:colcon.colcon_core.event_reactor:joining thread
[1.508s] INFO:colcon.colcon_core.plugin_system:Skipping extension 'colcon_notification.desktop_notification.terminal_notifier': Not used on non-Darwin systems
[1.508s] INFO:colcon.colcon_core.plugin_system:Skipping extension 'colcon_notification.desktop_notification.win32': Not used on non-Windows systems
[1.508s] INFO:colcon.colcon_notification.desktop_notification:Sending desktop notification using 'notify2'
[1.511s] DEBUG:colcon.colcon_notification.desktop_notification.notify2:Failed to initialize notify2: org.freedesktop.DBus.Error.Spawn.ExecFailed: /usr/bin/dbus-launch terminated abnormally without any error message
[1.512s] DEBUG:colcon.colcon_core.event_reactor:joined thread
[1.512s] INFO:colcon.colcon_core.shell:Creating prefix script '/home/student/AdR/ros2_ws/install/local_setup.ps1'
[1.513s] INFO:colcon.colcon_core.shell:Creating prefix util module '/home/student/AdR/ros2_ws/install/_local_setup_util_ps1.py'
[1.515s] INFO:colcon.colcon_core.shell:Creating prefix chain script '/home/student/AdR/ros2_ws/install/setup.ps1'
[1.516s] INFO:colcon.colcon_core.shell:Creating prefix script '/home/student/AdR/ros2_ws/install/local_setup.sh'
[1.517s] INFO:colcon.colcon_core.shell:Creating prefix util module '/home/student/AdR/ros2_ws/install/_local_setup_util_sh.py'
[1.517s] INFO:colcon.colcon_core.shell:Creating prefix chain script '/home/student/AdR/ros2_ws/install/setup.sh'
[1.519s] INFO:colcon.colcon_core.shell:Creating prefix script '/home/student/AdR/ros2_ws/install/local_setup.bash'
[1.519s] INFO:colcon.colcon_core.shell:Creating prefix chain script '/home/student/AdR/ros2_ws/install/setup.bash'
[1.520s] INFO:colcon.colcon_core.shell:Creating prefix script '/home/student/AdR/ros2_ws/install/local_setup.zsh'
[1.537s] INFO:colcon.colcon_core.shell:Creating prefix chain script '/home/student/AdR/ros2_ws/install/setup.zsh'
