[0.662s] Invoking command in '/home/student/AdR/ros2_ws/src/pr1': PYTHONPATH=/home/student/AdR/ros2_ws/build/pr1/prefix_override:/usr/lib/python3/dist-packages/colcon_core/task/python/colcon_distutils_commands:/home/student/AdR/ros2_ws/install/pr1/lib/python3.10/site-packages:${PYTHONPATH} /usr/bin/python3 -W ignore:setup.py install is deprecated -W ignore:easy_install command is deprecated setup.py egg_info --egg-base ../../build/pr1 build --build-base /home/student/AdR/ros2_ws/build/pr1/build install --record /home/student/AdR/ros2_ws/build/pr1/install.log --single-version-externally-managed install_data
[0.869s] running egg_info
[0.870s] writing ../../build/pr1/pr1.egg-info/PKG-INFO
[0.870s] writing dependency_links to ../../build/pr1/pr1.egg-info/dependency_links.txt
[0.870s] writing entry points to ../../build/pr1/pr1.egg-info/entry_points.txt
[0.871s] writing requirements to ../../build/pr1/pr1.egg-info/requires.txt
[0.871s] writing top-level names to ../../build/pr1/pr1.egg-info/top_level.txt
[0.872s] reading manifest file '../../build/pr1/pr1.egg-info/SOURCES.txt'
[0.873s] adding license file 'LICENSE'
[0.873s] writing manifest file '../../build/pr1/pr1.egg-info/SOURCES.txt'
[0.873s] running build
[0.874s] running build_py
[0.874s] copying pr1/client.py -> /home/student/AdR/ros2_ws/build/pr1/build/lib/pr1
[0.874s] running install
[0.875s] running install_lib
[0.876s] copying /home/student/AdR/ros2_ws/build/pr1/build/lib/pr1/client.py -> /home/student/AdR/ros2_ws/install/pr1/lib/python3.10/site-packages/pr1
[0.876s] byte-compiling /home/student/AdR/ros2_ws/install/pr1/lib/python3.10/site-packages/pr1/client.py to client.cpython-310.pyc
[0.877s] running install_data
[0.877s] running install_egg_info
[0.879s] removing '/home/student/AdR/ros2_ws/install/pr1/lib/python3.10/site-packages/pr1-0.0.1-py3.10.egg-info' (and everything under it)
[0.879s] Copying ../../build/pr1/pr1.egg-info to /home/student/AdR/ros2_ws/install/pr1/lib/python3.10/site-packages/pr1-0.0.1-py3.10.egg-info
[0.881s] running install_scripts
[0.902s] Installing client script to /home/student/AdR/ros2_ws/install/pr1/lib/pr1
[0.903s] Installing publisher script to /home/student/AdR/ros2_ws/install/pr1/lib/pr1
[0.903s] Installing service script to /home/student/AdR/ros2_ws/install/pr1/lib/pr1
[0.903s] Installing subscriber script to /home/student/AdR/ros2_ws/install/pr1/lib/pr1
[0.903s] writing list of installed files to '/home/student/AdR/ros2_ws/build/pr1/install.log'
[0.936s] Invoked command in '/home/student/AdR/ros2_ws/src/pr1' returned '0': PYTHONPATH=/home/student/AdR/ros2_ws/build/pr1/prefix_override:/usr/lib/python3/dist-packages/colcon_core/task/python/colcon_distutils_commands:/home/student/AdR/ros2_ws/install/pr1/lib/python3.10/site-packages:${PYTHONPATH} /usr/bin/python3 -W ignore:setup.py install is deprecated -W ignore:easy_install command is deprecated setup.py egg_info --egg-base ../../build/pr1 build --build-base /home/student/AdR/ros2_ws/build/pr1/build install --record /home/student/AdR/ros2_ws/build/pr1/install.log --single-version-externally-managed install_data
