[0.772s] Invoking command in '/home/student/AdR/ros2_ws/src/pr1': PYTHONPATH=/home/student/AdR/ros2_ws/build/pr1/prefix_override:/usr/lib/python3/dist-packages/colcon_core/task/python/colcon_distutils_commands:/home/student/AdR/ros2_ws/install/pr1/lib/python3.10/site-packages:${PYTHONPATH} /usr/bin/python3 -W ignore:setup.py install is deprecated -W ignore:easy_install command is deprecated setup.py egg_info --egg-base ../../build/pr1 build --build-base /home/student/AdR/ros2_ws/build/pr1/build install --record /home/student/AdR/ros2_ws/build/pr1/install.log --single-version-externally-managed install_data
[0.994s] running egg_info
[0.995s] writing ../../build/pr1/pr1.egg-info/PKG-INFO
[0.996s] writing dependency_links to ../../build/pr1/pr1.egg-info/dependency_links.txt
[0.997s] writing entry points to ../../build/pr1/pr1.egg-info/entry_points.txt
[0.997s] writing requirements to ../../build/pr1/pr1.egg-info/requires.txt
[0.997s] writing top-level names to ../../build/pr1/pr1.egg-info/top_level.txt
[0.999s] reading manifest file '../../build/pr1/pr1.egg-info/SOURCES.txt'
[0.999s] adding license file 'LICENSE'
[1.000s] writing manifest file '../../build/pr1/pr1.egg-info/SOURCES.txt'
[1.000s] running build
[1.000s] running build_py
[1.000s] copying pr1/client.py -> /home/student/AdR/ros2_ws/build/pr1/build/lib/pr1
[1.001s] running install
[1.001s] running install_lib
[1.002s] copying /home/student/AdR/ros2_ws/build/pr1/build/lib/pr1/client.py -> /home/student/AdR/ros2_ws/install/pr1/lib/python3.10/site-packages/pr1
[1.003s] byte-compiling /home/student/AdR/ros2_ws/install/pr1/lib/python3.10/site-packages/pr1/client.py to client.cpython-310.pyc
[1.004s] running install_data
[1.005s] running install_egg_info
[1.007s] removing '/home/student/AdR/ros2_ws/install/pr1/lib/python3.10/site-packages/pr1-0.0.1-py3.10.egg-info' (and everything under it)
[1.007s] Copying ../../build/pr1/pr1.egg-info to /home/student/AdR/ros2_ws/install/pr1/lib/python3.10/site-packages/pr1-0.0.1-py3.10.egg-info
[1.008s] running install_scripts
[1.030s] Installing client script to /home/student/AdR/ros2_ws/install/pr1/lib/pr1
[1.030s] Installing publisher script to /home/student/AdR/ros2_ws/install/pr1/lib/pr1
[1.030s] Installing service script to /home/student/AdR/ros2_ws/install/pr1/lib/pr1
[1.030s] Installing subscriber script to /home/student/AdR/ros2_ws/install/pr1/lib/pr1
[1.031s] writing list of installed files to '/home/student/AdR/ros2_ws/build/pr1/install.log'
[1.063s] Invoked command in '/home/student/AdR/ros2_ws/src/pr1' returned '0': PYTHONPATH=/home/student/AdR/ros2_ws/build/pr1/prefix_override:/usr/lib/python3/dist-packages/colcon_core/task/python/colcon_distutils_commands:/home/student/AdR/ros2_ws/install/pr1/lib/python3.10/site-packages:${PYTHONPATH} /usr/bin/python3 -W ignore:setup.py install is deprecated -W ignore:easy_install command is deprecated setup.py egg_info --egg-base ../../build/pr1 build --build-base /home/student/AdR/ros2_ws/build/pr1/build install --record /home/student/AdR/ros2_ws/build/pr1/install.log --single-version-externally-managed install_data
