[0.253s] DEBUG:colcon:Command line arguments: ['/usr/bin/colcon', 'build']
[0.253s] DEBUG:colcon:Parsed command line arguments: Namespace(log_base=None, log_level=None, verb_name='build', build_base='build', install_base='install', merge_install=False, symlink_install=False, test_result_base=None, continue_on_error=False, executor='parallel', parallel_workers=12, event_handlers=None, ignore_user_meta=False, metas=['./colcon.meta'], base_paths=['.'], packages_ignore=None, packages_ignore_regex=None, paths=None, packages_up_to=None, packages_up_to_regex=None, packages_above=None, packages_above_and_dependencies=None, packages_above_depth=None, packages_select_by_dep=None, packages_skip_by_dep=None, packages_skip_up_to=None, packages_select_build_failed=False, packages_skip_build_finished=False, packages_select_test_failures=False, packages_skip_test_passed=False, packages_select=None, packages_skip=None, packages_select_regex=None, packages_skip_regex=None, packages_start=None, packages_end=None, cmake_args=None, cmake_target=None, cmake_target_skip_unavailable=False, cmake_clean_cache=False, cmake_clean_first=False, cmake_force_configure=False, ament_cmake_args=None, catkin_cmake_args=None, catkin_skip_building_tests=False, mixin_files=None, mixin=None, verb_parser=<colcon_mixin.mixin.mixin_argument.MixinArgumentDecorator object at 0x7fda0a34a7d0>, verb_extension=<colcon_core.verb.build.BuildVerb object at 0x7fda0a453640>, main=<bound method BuildVerb.main of <colcon_core.verb.build.BuildVerb object at 0x7fda0a453640>>, mixin_verb=('build',))
[0.562s] Level 1:colcon.colcon_core.package_discovery:discover_packages(colcon_meta) check parameters
[0.563s] Level 1:colcon.colcon_core.package_discovery:discover_packages(recursive) check parameters
[0.563s] Level 1:colcon.colcon_core.package_discovery:discover_packages(ignore) check parameters
[0.563s] Level 1:colcon.colcon_core.package_discovery:discover_packages(path) check parameters
[0.563s] Level 1:colcon.colcon_core.package_discovery:discover_packages(colcon_meta) discover
[0.563s] Level 1:colcon.colcon_core.package_discovery:discover_packages(recursive) discover
[0.563s] INFO:colcon.colcon_core.package_discovery:Crawling recursively for packages in '/home/student/AdR/ros2_ws'
[0.563s] Level 1:colcon.colcon_core.package_identification:_identify(.) by extensions ['ignore', 'ignore_ament_install']
[0.564s] Level 1:colcon.colcon_core.package_identification:_identify(.) by extension 'ignore'
[0.564s] Level 1:colcon.colcon_core.package_identification:_identify(.) by extension 'ignore_ament_install'
[0.564s] Level 1:colcon.colcon_core.package_identification:_identify(.) by extensions ['colcon_pkg']
[0.564s] Level 1:colcon.colcon_core.package_identification:_identify(.) by extension 'colcon_pkg'
[0.564s] Level 1:colcon.colcon_core.package_identification:_identify(.) by extensions ['colcon_meta']
[0.564s] Level 1:colcon.colcon_core.package_identification:_identify(.) by extension 'colcon_meta'
[0.564s] Level 1:colcon.colcon_core.package_identification:_identify(.) by extensions ['ros']
[0.564s] Level 1:colcon.colcon_core.package_identification:_identify(.) by extension 'ros'
[0.583s] Level 1:colcon.colcon_core.package_identification:_identify(.) by extensions ['cmake', 'python']
[0.583s] Level 1:colcon.colcon_core.package_identification:_identify(.) by extension 'cmake'
[0.583s] Level 1:colcon.colcon_core.package_identification:_identify(.) by extension 'python'
[0.583s] Level 1:colcon.colcon_core.package_identification:_identify(.) by extensions ['python_setup_py']
[0.583s] Level 1:colcon.colcon_core.package_identification:_identify(.) by extension 'python_setup_py'
[0.584s] Level 1:colcon.colcon_core.package_identification:_identify(build) by extensions ['ignore', 'ignore_ament_install']
[0.584s] Level 1:colcon.colcon_core.package_identification:_identify(build) by extension 'ignore'
[0.584s] Level 1:colcon.colcon_core.package_identification:_identify(build) ignored
[0.585s] Level 1:colcon.colcon_core.package_identification:_identify(install) by extensions ['ignore', 'ignore_ament_install']
[0.585s] Level 1:colcon.colcon_core.package_identification:_identify(install) by extension 'ignore'
[0.585s] Level 1:colcon.colcon_core.package_identification:_identify(install) ignored
[0.585s] Level 1:colcon.colcon_core.package_identification:_identify(log) by extensions ['ignore', 'ignore_ament_install']
[0.585s] Level 1:colcon.colcon_core.package_identification:_identify(log) by extension 'ignore'
[0.585s] Level 1:colcon.colcon_core.package_identification:_identify(log) ignored
[0.586s] Level 1:colcon.colcon_core.package_identification:_identify(src) by extensions ['ignore', 'ignore_ament_install']
[0.586s] Level 1:colcon.colcon_core.package_identification:_identify(src) by extension 'ignore'
[0.586s] Level 1:colcon.colcon_core.package_identification:_identify(src) by extension 'ignore_ament_install'
[0.586s] Level 1:colcon.colcon_core.package_identification:_identify(src) by extensions ['colcon_pkg']
[0.586s] Level 1:colcon.colcon_core.package_identification:_identify(src) by extension 'colcon_pkg'
[0.586s] Level 1:colcon.colcon_core.package_identification:_identify(src) by extensions ['colcon_meta']
[0.586s] Level 1:colcon.colcon_core.package_identification:_identify(src) by extension 'colcon_meta'
[0.586s] Level 1:colcon.colcon_core.package_identification:_identify(src) by extensions ['ros']
[0.586s] Level 1:colcon.colcon_core.package_identification:_identify(src) by extension 'ros'
[0.586s] Level 1:colcon.colcon_core.package_identification:_identify(src) by extensions ['cmake', 'python']
[0.586s] Level 1:colcon.colcon_core.package_identification:_identify(src) by extension 'cmake'
[0.586s] Level 1:colcon.colcon_core.package_identification:_identify(src) by extension 'python'
[0.586s] Level 1:colcon.colcon_core.package_identification:_identify(src) by extensions ['python_setup_py']
[0.586s] Level 1:colcon.colcon_core.package_identification:_identify(src) by extension 'python_setup_py'
[0.587s] Level 1:colcon.colcon_core.package_identification:_identify(src/example_interfaces) by extensions ['ignore', 'ignore_ament_install']
[0.587s] Level 1:colcon.colcon_core.package_identification:_identify(src/example_interfaces) by extension 'ignore'
[0.587s] Level 1:colcon.colcon_core.package_identification:_identify(src/example_interfaces) by extension 'ignore_ament_install'
[0.588s] Level 1:colcon.colcon_core.package_identification:_identify(src/example_interfaces) by extensions ['colcon_pkg']
[0.588s] Level 1:colcon.colcon_core.package_identification:_identify(src/example_interfaces) by extension 'colcon_pkg'
[0.588s] Level 1:colcon.colcon_core.package_identification:_identify(src/example_interfaces) by extensions ['colcon_meta']
[0.588s] Level 1:colcon.colcon_core.package_identification:_identify(src/example_interfaces) by extension 'colcon_meta'
[0.588s] Level 1:colcon.colcon_core.package_identification:_identify(src/example_interfaces) by extensions ['ros']
[0.588s] Level 1:colcon.colcon_core.package_identification:_identify(src/example_interfaces) by extension 'ros'
[0.593s] DEBUG:colcon.colcon_core.package_identification:Package 'src/example_interfaces' with type 'ros.ament_cmake' and name 'example_interfaces'
[0.594s] Level 1:colcon.colcon_core.package_identification:_identify(src/pr1) by extensions ['ignore', 'ignore_ament_install']
[0.594s] Level 1:colcon.colcon_core.package_identification:_identify(src/pr1) by extension 'ignore'
[0.594s] Level 1:colcon.colcon_core.package_identification:_identify(src/pr1) by extension 'ignore_ament_install'
[0.594s] Level 1:colcon.colcon_core.package_identification:_identify(src/pr1) by extensions ['colcon_pkg']
[0.594s] Level 1:colcon.colcon_core.package_identification:_identify(src/pr1) by extension 'colcon_pkg'
[0.594s] Level 1:colcon.colcon_core.package_identification:_identify(src/pr1) by extensions ['colcon_meta']
[0.594s] Level 1:colcon.colcon_core.package_identification:_identify(src/pr1) by extension 'colcon_meta'
[0.594s] Level 1:colcon.colcon_core.package_identification:_identify(src/pr1) by extensions ['ros']
[0.594s] Level 1:colcon.colcon_core.package_identification:_identify(src/pr1) by extension 'ros'
[0.596s] DEBUG:colcon.colcon_core.package_identification:Package 'src/pr1' with type 'ros.ament_python' and name 'pr1'
[0.597s] Level 1:colcon.colcon_core.package_discovery:discover_packages(recursive) using defaults
[0.597s] Level 1:colcon.colcon_core.package_discovery:discover_packages(ignore) discover
[0.597s] Level 1:colcon.colcon_core.package_discovery:discover_packages(ignore) using defaults
[0.597s] Level 1:colcon.colcon_core.package_discovery:discover_packages(path) discover
[0.597s] Level 1:colcon.colcon_core.package_discovery:discover_packages(path) using defaults
[0.638s] Level 5:colcon.colcon_core.verb:set package 'example_interfaces' build argument 'cmake_args' from command line to 'None'
[0.638s] Level 5:colcon.colcon_core.verb:set package 'example_interfaces' build argument 'cmake_target' from command line to 'None'
[0.638s] Level 5:colcon.colcon_core.verb:set package 'example_interfaces' build argument 'cmake_target_skip_unavailable' from command line to 'False'
[0.638s] Level 5:colcon.colcon_core.verb:set package 'example_interfaces' build argument 'cmake_clean_cache' from command line to 'False'
[0.638s] Level 5:colcon.colcon_core.verb:set package 'example_interfaces' build argument 'cmake_clean_first' from command line to 'False'
[0.638s] Level 5:colcon.colcon_core.verb:set package 'example_interfaces' build argument 'cmake_force_configure' from command line to 'False'
[0.638s] Level 5:colcon.colcon_core.verb:set package 'example_interfaces' build argument 'ament_cmake_args' from command line to 'None'
[0.638s] Level 5:colcon.colcon_core.verb:set package 'example_interfaces' build argument 'catkin_cmake_args' from command line to 'None'
[0.639s] Level 5:colcon.colcon_core.verb:set package 'example_interfaces' build argument 'catkin_skip_building_tests' from command line to 'False'
[0.639s] DEBUG:colcon.colcon_core.verb:Building package 'example_interfaces' with the following arguments: {'ament_cmake_args': None, 'build_base': '/home/student/AdR/ros2_ws/build/example_interfaces', 'catkin_cmake_args': None, 'catkin_skip_building_tests': False, 'cmake_args': None, 'cmake_clean_cache': False, 'cmake_clean_first': False, 'cmake_force_configure': False, 'cmake_target': None, 'cmake_target_skip_unavailable': False, 'install_base': '/home/student/AdR/ros2_ws/install/example_interfaces', 'merge_install': False, 'path': '/home/student/AdR/ros2_ws/src/example_interfaces', 'symlink_install': False, 'test_result_base': None}
[0.639s] Level 5:colcon.colcon_core.verb:set package 'pr1' build argument 'cmake_args' from command line to 'None'
[0.639s] Level 5:colcon.colcon_core.verb:set package 'pr1' build argument 'cmake_target' from command line to 'None'
[0.639s] Level 5:colcon.colcon_core.verb:set package 'pr1' build argument 'cmake_target_skip_unavailable' from command line to 'False'
[0.639s] Level 5:colcon.colcon_core.verb:set package 'pr1' build argument 'cmake_clean_cache' from command line to 'False'
[0.639s] Level 5:colcon.colcon_core.verb:set package 'pr1' build argument 'cmake_clean_first' from command line to 'False'
[0.639s] Level 5:colcon.colcon_core.verb:set package 'pr1' build argument 'cmake_force_configure' from command line to 'False'
[0.639s] Level 5:colcon.colcon_core.verb:set package 'pr1' build argument 'ament_cmake_args' from command line to 'None'
[0.639s] Level 5:colcon.colcon_core.verb:set package 'pr1' build argument 'catkin_cmake_args' from command line to 'None'
[0.639s] Level 5:colcon.colcon_core.verb:set package 'pr1' build argument 'catkin_skip_building_tests' from command line to 'False'
[0.639s] DEBUG:colcon.colcon_core.verb:Building package 'pr1' with the following arguments: {'ament_cmake_args': None, 'build_base': '/home/student/AdR/ros2_ws/build/pr1', 'catkin_cmake_args': None, 'catkin_skip_building_tests': False, 'cmake_args': None, 'cmake_clean_cache': False, 'cmake_clean_first': False, 'cmake_force_configure': False, 'cmake_target': None, 'cmake_target_skip_unavailable': False, 'install_base': '/home/student/AdR/ros2_ws/install/pr1', 'merge_install': False, 'path': '/home/student/AdR/ros2_ws/src/pr1', 'symlink_install': False, 'test_result_base': None}
[0.639s] INFO:colcon.colcon_core.executor:Executing jobs using 'parallel' executor
[0.641s] DEBUG:colcon.colcon_parallel_executor.executor.parallel:run_until_complete
[0.642s] INFO:colcon.colcon_ros.task.ament_cmake.build:Building ROS package in '/home/student/AdR/ros2_ws/src/example_interfaces' with build type 'ament_cmake'
[0.642s] INFO:colcon.colcon_cmake.task.cmake.build:Building CMake package in '/home/student/AdR/ros2_ws/src/example_interfaces'
[0.650s] INFO:colcon.colcon_core.plugin_system:Skipping extension 'colcon_core.shell.bat': Not used on non-Windows systems
[0.650s] INFO:colcon.colcon_core.shell:Skip shell extension 'powershell' for command environment: Not usable outside of PowerShell
[0.650s] DEBUG:colcon.colcon_core.shell:Skip shell extension 'dsv' for command environment
[0.663s] INFO:colcon.colcon_ros.task.ament_python.build:Building ROS package in '/home/student/AdR/ros2_ws/src/pr1' with build type 'ament_python'
[0.663s] Level 1:colcon.colcon_core.shell:create_environment_hook('pr1', 'ament_prefix_path')
[0.664s] INFO:colcon.colcon_core.shell:Creating environment hook '/home/student/AdR/ros2_ws/install/pr1/share/pr1/hook/ament_prefix_path.ps1'
[0.665s] INFO:colcon.colcon_core.shell:Creating environment descriptor '/home/student/AdR/ros2_ws/install/pr1/share/pr1/hook/ament_prefix_path.dsv'
[0.666s] INFO:colcon.colcon_core.shell:Creating environment hook '/home/student/AdR/ros2_ws/install/pr1/share/pr1/hook/ament_prefix_path.sh'
[0.668s] INFO:colcon.colcon_core.shell:Skip shell extension 'powershell' for command environment: Not usable outside of PowerShell
[0.668s] DEBUG:colcon.colcon_core.shell:Skip shell extension 'dsv' for command environment
[0.678s] DEBUG:colcon.colcon_core.event_handler.log_command:Invoking command in '/home/student/AdR/ros2_ws/build/example_interfaces': CMAKE_PREFIX_PATH=${CMAKE_PREFIX_PATH}:/home/student/AdR/ros2_ws/install/pr1:/opt/ros/humble /usr/bin/cmake --build /home/student/AdR/ros2_ws/build/example_interfaces -- -j12 -l12
[0.949s] INFO:colcon.colcon_core.task.python.build:Building Python package in '/home/student/AdR/ros2_ws/src/pr1'
[0.949s] INFO:colcon.colcon_core.shell:Skip shell extension 'powershell' for command environment: Not usable outside of PowerShell
[0.949s] DEBUG:colcon.colcon_core.shell:Skip shell extension 'dsv' for command environment
[1.238s] DEBUG:colcon.colcon_core.event_handler.log_command:Invoked command in '/home/student/AdR/ros2_ws/build/example_interfaces' returned '0': CMAKE_PREFIX_PATH=${CMAKE_PREFIX_PATH}:/home/student/AdR/ros2_ws/install/pr1:/opt/ros/humble /usr/bin/cmake --build /home/student/AdR/ros2_ws/build/example_interfaces -- -j12 -l12
[1.251s] DEBUG:colcon.colcon_core.event_handler.log_command:Invoking command in '/home/student/AdR/ros2_ws/build/example_interfaces': CMAKE_PREFIX_PATH=${CMAKE_PREFIX_PATH}:/home/student/AdR/ros2_ws/install/pr1:/opt/ros/humble /usr/bin/cmake --install /home/student/AdR/ros2_ws/build/example_interfaces
[1.424s] Level 1:colcon.colcon_core.environment:create_environment_scripts_only(example_interfaces)
[1.425s] DEBUG:colcon.colcon_core.event_handler.log_command:Invoked command in '/home/student/AdR/ros2_ws/build/example_interfaces' returned '0': CMAKE_PREFIX_PATH=${CMAKE_PREFIX_PATH}:/home/student/AdR/ros2_ws/install/pr1:/opt/ros/humble /usr/bin/cmake --install /home/student/AdR/ros2_ws/build/example_interfaces
[1.432s] Level 1:colcon.colcon_core.environment:checking '/home/student/AdR/ros2_ws/install/example_interfaces' for CMake module files
[1.433s] Level 1:colcon.colcon_core.environment:checking '/home/student/AdR/ros2_ws/install/example_interfaces' for CMake config files
[1.445s] Level 1:colcon.colcon_core.shell:create_environment_hook('example_interfaces', 'cmake_prefix_path')
[1.446s] INFO:colcon.colcon_core.shell:Creating environment hook '/home/student/AdR/ros2_ws/install/example_interfaces/share/example_interfaces/hook/cmake_prefix_path.ps1'
[1.447s] INFO:colcon.colcon_core.shell:Creating environment descriptor '/home/student/AdR/ros2_ws/install/example_interfaces/share/example_interfaces/hook/cmake_prefix_path.dsv'
[1.447s] INFO:colcon.colcon_core.shell:Creating environment hook '/home/student/AdR/ros2_ws/install/example_interfaces/share/example_interfaces/hook/cmake_prefix_path.sh'
[1.448s] Level 1:colcon.colcon_core.environment:checking '/home/student/AdR/ros2_ws/install/example_interfaces/lib'
[1.449s] Level 1:colcon.colcon_core.shell:create_environment_hook('example_interfaces', 'ld_library_path_lib')
[1.449s] INFO:colcon.colcon_core.shell:Creating environment hook '/home/student/AdR/ros2_ws/install/example_interfaces/share/example_interfaces/hook/ld_library_path_lib.ps1'
[1.449s] INFO:colcon.colcon_core.shell:Creating environment descriptor '/home/student/AdR/ros2_ws/install/example_interfaces/share/example_interfaces/hook/ld_library_path_lib.dsv'
[1.450s] INFO:colcon.colcon_core.shell:Creating environment hook '/home/student/AdR/ros2_ws/install/example_interfaces/share/example_interfaces/hook/ld_library_path_lib.sh'
[1.450s] Level 1:colcon.colcon_core.environment:checking '/home/student/AdR/ros2_ws/install/example_interfaces/bin'
[1.450s] Level 1:colcon.colcon_core.environment:checking '/home/student/AdR/ros2_ws/install/example_interfaces/lib/pkgconfig/example_interfaces.pc'
[1.451s] Level 1:colcon.colcon_core.environment:checking '/home/student/AdR/ros2_ws/install/example_interfaces/lib/python3.10/site-packages'
[1.451s] Level 1:colcon.colcon_core.environment:checking '/home/student/AdR/ros2_ws/install/example_interfaces/bin'
[1.451s] INFO:colcon.colcon_core.shell:Creating package script '/home/student/AdR/ros2_ws/install/example_interfaces/share/example_interfaces/package.ps1'
[1.453s] INFO:colcon.colcon_core.shell:Creating package descriptor '/home/student/AdR/ros2_ws/install/example_interfaces/share/example_interfaces/package.dsv'
[1.454s] INFO:colcon.colcon_core.shell:Creating package script '/home/student/AdR/ros2_ws/install/example_interfaces/share/example_interfaces/package.sh'
[1.456s] INFO:colcon.colcon_core.shell:Creating package script '/home/student/AdR/ros2_ws/install/example_interfaces/share/example_interfaces/package.bash'
[1.457s] INFO:colcon.colcon_core.shell:Creating package script '/home/student/AdR/ros2_ws/install/example_interfaces/share/example_interfaces/package.zsh'
[1.458s] Level 1:colcon.colcon_core.environment:create_file_with_runtime_dependencies(/home/student/AdR/ros2_ws/install/example_interfaces/share/colcon-core/packages/example_interfaces)
[1.459s] Level 1:colcon.colcon_core.environment:create_environment_scripts_only(example_interfaces)
[1.459s] Level 1:colcon.colcon_core.environment:checking '/home/student/AdR/ros2_ws/install/example_interfaces' for CMake module files
[1.460s] Level 1:colcon.colcon_core.environment:checking '/home/student/AdR/ros2_ws/install/example_interfaces' for CMake config files
[1.462s] Level 1:colcon.colcon_core.shell:create_environment_hook('example_interfaces', 'cmake_prefix_path')
[1.462s] INFO:colcon.colcon_core.shell:Creating environment hook '/home/student/AdR/ros2_ws/install/example_interfaces/share/example_interfaces/hook/cmake_prefix_path.ps1'
[1.463s] INFO:colcon.colcon_core.shell:Creating environment descriptor '/home/student/AdR/ros2_ws/install/example_interfaces/share/example_interfaces/hook/cmake_prefix_path.dsv'
[1.463s] INFO:colcon.colcon_core.shell:Creating environment hook '/home/student/AdR/ros2_ws/install/example_interfaces/share/example_interfaces/hook/cmake_prefix_path.sh'
[1.464s] Level 1:colcon.colcon_core.environment:checking '/home/student/AdR/ros2_ws/install/example_interfaces/lib'
[1.464s] Level 1:colcon.colcon_core.shell:create_environment_hook('example_interfaces', 'ld_library_path_lib')
[1.464s] INFO:colcon.colcon_core.shell:Creating environment hook '/home/student/AdR/ros2_ws/install/example_interfaces/share/example_interfaces/hook/ld_library_path_lib.ps1'
[1.464s] INFO:colcon.colcon_core.shell:Creating environment descriptor '/home/student/AdR/ros2_ws/install/example_interfaces/share/example_interfaces/hook/ld_library_path_lib.dsv'
[1.465s] INFO:colcon.colcon_core.shell:Creating environment hook '/home/student/AdR/ros2_ws/install/example_interfaces/share/example_interfaces/hook/ld_library_path_lib.sh'
[1.465s] Level 1:colcon.colcon_core.environment:checking '/home/student/AdR/ros2_ws/install/example_interfaces/bin'
[1.465s] Level 1:colcon.colcon_core.environment:checking '/home/student/AdR/ros2_ws/install/example_interfaces/lib/pkgconfig/example_interfaces.pc'
[1.466s] Level 1:colcon.colcon_core.environment:checking '/home/student/AdR/ros2_ws/install/example_interfaces/lib/python3.10/site-packages'
[1.466s] Level 1:colcon.colcon_core.environment:checking '/home/student/AdR/ros2_ws/install/example_interfaces/bin'
[1.466s] INFO:colcon.colcon_core.shell:Creating package script '/home/student/AdR/ros2_ws/install/example_interfaces/share/example_interfaces/package.ps1'
[1.467s] INFO:colcon.colcon_core.shell:Creating package descriptor '/home/student/AdR/ros2_ws/install/example_interfaces/share/example_interfaces/package.dsv'
[1.468s] INFO:colcon.colcon_core.shell:Creating package script '/home/student/AdR/ros2_ws/install/example_interfaces/share/example_interfaces/package.sh'
[1.468s] INFO:colcon.colcon_core.shell:Creating package script '/home/student/AdR/ros2_ws/install/example_interfaces/share/example_interfaces/package.bash'
[1.469s] INFO:colcon.colcon_core.shell:Creating package script '/home/student/AdR/ros2_ws/install/example_interfaces/share/example_interfaces/package.zsh'
[1.469s] Level 1:colcon.colcon_core.environment:create_file_with_runtime_dependencies(/home/student/AdR/ros2_ws/install/example_interfaces/share/colcon-core/packages/example_interfaces)
[1.555s] DEBUG:colcon.colcon_core.event_handler.log_command:Invoking command in '/home/student/AdR/ros2_ws/src/pr1': PYTHONPATH=/home/student/AdR/ros2_ws/build/pr1/prefix_override:/usr/lib/python3/dist-packages/colcon_core/task/python/colcon_distutils_commands:/home/student/AdR/ros2_ws/install/pr1/lib/python3.10/site-packages:${PYTHONPATH} /usr/bin/python3 -W ignore:setup.py install is deprecated -W ignore:easy_install command is deprecated setup.py egg_info --egg-base ../../build/pr1 build --build-base /home/student/AdR/ros2_ws/build/pr1/build install --record /home/student/AdR/ros2_ws/build/pr1/install.log --single-version-externally-managed install_data
[1.827s] Level 1:colcon.colcon_core.environment:checking '/home/student/AdR/ros2_ws/install/pr1' for CMake module files
[1.828s] DEBUG:colcon.colcon_core.event_handler.log_command:Invoked command in '/home/student/AdR/ros2_ws/src/pr1' returned '0': PYTHONPATH=/home/student/AdR/ros2_ws/build/pr1/prefix_override:/usr/lib/python3/dist-packages/colcon_core/task/python/colcon_distutils_commands:/home/student/AdR/ros2_ws/install/pr1/lib/python3.10/site-packages:${PYTHONPATH} /usr/bin/python3 -W ignore:setup.py install is deprecated -W ignore:easy_install command is deprecated setup.py egg_info --egg-base ../../build/pr1 build --build-base /home/student/AdR/ros2_ws/build/pr1/build install --record /home/student/AdR/ros2_ws/build/pr1/install.log --single-version-externally-managed install_data
[1.829s] Level 1:colcon.colcon_core.environment:checking '/home/student/AdR/ros2_ws/install/pr1' for CMake config files
[1.833s] Level 1:colcon.colcon_core.environment:checking '/home/student/AdR/ros2_ws/install/pr1/lib'
[1.833s] Level 1:colcon.colcon_core.environment:checking '/home/student/AdR/ros2_ws/install/pr1/bin'
[1.833s] Level 1:colcon.colcon_core.environment:checking '/home/student/AdR/ros2_ws/install/pr1/lib/pkgconfig/pr1.pc'
[1.834s] Level 1:colcon.colcon_core.environment:checking '/home/student/AdR/ros2_ws/install/pr1/lib/python3.10/site-packages'
[1.834s] Level 1:colcon.colcon_core.shell:create_environment_hook('pr1', 'pythonpath')
[1.834s] INFO:colcon.colcon_core.shell:Creating environment hook '/home/student/AdR/ros2_ws/install/pr1/share/pr1/hook/pythonpath.ps1'
[1.834s] INFO:colcon.colcon_core.shell:Creating environment descriptor '/home/student/AdR/ros2_ws/install/pr1/share/pr1/hook/pythonpath.dsv'
[1.835s] INFO:colcon.colcon_core.shell:Creating environment hook '/home/student/AdR/ros2_ws/install/pr1/share/pr1/hook/pythonpath.sh'
[1.835s] Level 1:colcon.colcon_core.environment:checking '/home/student/AdR/ros2_ws/install/pr1/bin'
[1.835s] Level 1:colcon.colcon_core.environment:create_environment_scripts_only(pr1)
[1.836s] INFO:colcon.colcon_core.shell:Creating package script '/home/student/AdR/ros2_ws/install/pr1/share/pr1/package.ps1'
[1.836s] INFO:colcon.colcon_core.shell:Creating package descriptor '/home/student/AdR/ros2_ws/install/pr1/share/pr1/package.dsv'
[1.837s] INFO:colcon.colcon_core.shell:Creating package script '/home/student/AdR/ros2_ws/install/pr1/share/pr1/package.sh'
[1.837s] INFO:colcon.colcon_core.shell:Creating package script '/home/student/AdR/ros2_ws/install/pr1/share/pr1/package.bash'
[1.838s] INFO:colcon.colcon_core.shell:Creating package script '/home/student/AdR/ros2_ws/install/pr1/share/pr1/package.zsh'
[1.838s] Level 1:colcon.colcon_core.environment:create_file_with_runtime_dependencies(/home/student/AdR/ros2_ws/install/pr1/share/colcon-core/packages/pr1)
[1.839s] DEBUG:colcon.colcon_parallel_executor.executor.parallel:closing loop
[1.839s] DEBUG:colcon.colcon_parallel_executor.executor.parallel:loop closed
[1.840s] DEBUG:colcon.colcon_parallel_executor.executor.parallel:run_until_complete finished with '0'
[1.840s] DEBUG:colcon.colcon_core.event_reactor:joining thread
[1.862s] INFO:colcon.colcon_core.plugin_system:Skipping extension 'colcon_notification.desktop_notification.terminal_notifier': Not used on non-Darwin systems
[1.862s] INFO:colcon.colcon_core.plugin_system:Skipping extension 'colcon_notification.desktop_notification.win32': Not used on non-Windows systems
[1.862s] INFO:colcon.colcon_notification.desktop_notification:Sending desktop notification using 'notify2'
[1.866s] DEBUG:colcon.colcon_notification.desktop_notification.notify2:Failed to initialize notify2: org.freedesktop.DBus.Error.Spawn.ExecFailed: /usr/bin/dbus-launch terminated abnormally without any error message
[1.866s] DEBUG:colcon.colcon_core.event_reactor:joined thread
[1.867s] INFO:colcon.colcon_core.shell:Creating prefix script '/home/student/AdR/ros2_ws/install/local_setup.ps1'
[1.869s] INFO:colcon.colcon_core.shell:Creating prefix util module '/home/student/AdR/ros2_ws/install/_local_setup_util_ps1.py'
[1.871s] INFO:colcon.colcon_core.shell:Creating prefix chain script '/home/student/AdR/ros2_ws/install/setup.ps1'
[1.873s] INFO:colcon.colcon_core.shell:Creating prefix script '/home/student/AdR/ros2_ws/install/local_setup.sh'
[1.874s] INFO:colcon.colcon_core.shell:Creating prefix util module '/home/student/AdR/ros2_ws/install/_local_setup_util_sh.py'
[1.875s] INFO:colcon.colcon_core.shell:Creating prefix chain script '/home/student/AdR/ros2_ws/install/setup.sh'
[1.877s] INFO:colcon.colcon_core.shell:Creating prefix script '/home/student/AdR/ros2_ws/install/local_setup.bash'
[1.878s] INFO:colcon.colcon_core.shell:Creating prefix chain script '/home/student/AdR/ros2_ws/install/setup.bash'
[1.879s] INFO:colcon.colcon_core.shell:Creating prefix script '/home/student/AdR/ros2_ws/install/local_setup.zsh'
[1.896s] INFO:colcon.colcon_core.shell:Creating prefix chain script '/home/student/AdR/ros2_ws/install/setup.zsh'
