running egg_info
creating ../../build/pr1/pr1.egg-info
writing ../../build/pr1/pr1.egg-info/PKG-INFO
writing dependency_links to ../../build/pr1/pr1.egg-info/dependency_links.txt
writing entry points to ../../build/pr1/pr1.egg-info/entry_points.txt
writing requirements to ../../build/pr1/pr1.egg-info/requires.txt
writing top-level names to ../../build/pr1/pr1.egg-info/top_level.txt
writing manifest file '../../build/pr1/pr1.egg-info/SOURCES.txt'
reading manifest file '../../build/pr1/pr1.egg-info/SOURCES.txt'
adding license file 'LICENSE'
writing manifest file '../../build/pr1/pr1.egg-info/SOURCES.txt'
running build
running build_py
creating /home/student/AdR/ros2_ws/build/pr1/build
creating /home/student/AdR/ros2_ws/build/pr1/build/lib
creating /home/student/AdR/ros2_ws/build/pr1/build/lib/pr1
copying pr1/__init__.py -> /home/student/AdR/ros2_ws/build/pr1/build/lib/pr1
copying pr1/publisher.py -> /home/student/AdR/ros2_ws/build/pr1/build/lib/pr1
copying pr1/subscriber.py -> /home/student/AdR/ros2_ws/build/pr1/build/lib/pr1
running install
running install_lib
creating /home/student/AdR/ros2_ws/install/pr1/lib/python3.10/site-packages/pr1
copying /home/student/AdR/ros2_ws/build/pr1/build/lib/pr1/__init__.py -> /home/student/AdR/ros2_ws/install/pr1/lib/python3.10/site-packages/pr1
copying /home/student/AdR/ros2_ws/build/pr1/build/lib/pr1/publisher.py -> /home/student/AdR/ros2_ws/install/pr1/lib/python3.10/site-packages/pr1
copying /home/student/AdR/ros2_ws/build/pr1/build/lib/pr1/subscriber.py -> /home/student/AdR/ros2_ws/install/pr1/lib/python3.10/site-packages/pr1
byte-compiling /home/student/AdR/ros2_ws/install/pr1/lib/python3.10/site-packages/pr1/__init__.py to __init__.cpython-310.pyc
byte-compiling /home/student/AdR/ros2_ws/install/pr1/lib/python3.10/site-packages/pr1/publisher.py to publisher.cpython-310.pyc
byte-compiling /home/student/AdR/ros2_ws/install/pr1/lib/python3.10/site-packages/pr1/subscriber.py to subscriber.cpython-310.pyc
running install_data
creating /home/student/AdR/ros2_ws/install/pr1/share/ament_index
creating /home/student/AdR/ros2_ws/install/pr1/share/ament_index/resource_index
creating /home/student/AdR/ros2_ws/install/pr1/share/ament_index/resource_index/packages
copying resource/pr1 -> /home/student/AdR/ros2_ws/install/pr1/share/ament_index/resource_index/packages
copying package.xml -> /home/student/AdR/ros2_ws/install/pr1/share/pr1
running install_egg_info
Copying ../../build/pr1/pr1.egg-info to /home/student/AdR/ros2_ws/install/pr1/lib/python3.10/site-packages/pr1-0.0.1-py3.10.egg-info
running install_scripts
Installing publisher script to /home/student/AdR/ros2_ws/install/pr1/lib/pr1
Installing subscriber script to /home/student/AdR/ros2_ws/install/pr1/lib/pr1
writing list of installed files to '/home/student/AdR/ros2_ws/build/pr1/install.log'
