[0.776s] Invoking command in '/home/student/AdR/ros2_ws/src/pr1': PYTHONPATH=/home/student/AdR/ros2_ws/build/pr1/prefix_override:/usr/lib/python3/dist-packages/colcon_core/task/python/colcon_distutils_commands:/home/student/AdR/ros2_ws/install/pr1/lib/python3.10/site-packages:${PYTHONPATH} /usr/bin/python3 -W ignore:setup.py install is deprecated -W ignore:easy_install command is deprecated setup.py egg_info --egg-base ../../build/pr1 build --build-base /home/student/AdR/ros2_ws/build/pr1/build install --record /home/student/AdR/ros2_ws/build/pr1/install.log --single-version-externally-managed install_data
[0.968s] running egg_info
[0.968s] creating ../../build/pr1/pr1.egg-info
[0.969s] writing ../../build/pr1/pr1.egg-info/PKG-INFO
[0.969s] writing dependency_links to ../../build/pr1/pr1.egg-info/dependency_links.txt
[0.970s] writing entry points to ../../build/pr1/pr1.egg-info/entry_points.txt
[0.970s] writing requirements to ../../build/pr1/pr1.egg-info/requires.txt
[0.970s] writing top-level names to ../../build/pr1/pr1.egg-info/top_level.txt
[0.970s] writing manifest file '../../build/pr1/pr1.egg-info/SOURCES.txt'
[0.972s] reading manifest file '../../build/pr1/pr1.egg-info/SOURCES.txt'
[0.972s] adding license file 'LICENSE'
[0.973s] writing manifest file '../../build/pr1/pr1.egg-info/SOURCES.txt'
[0.973s] running build
[0.974s] running build_py
[0.974s] creating /home/student/AdR/ros2_ws/build/pr1/build
[0.974s] creating /home/student/AdR/ros2_ws/build/pr1/build/lib
[0.974s] creating /home/student/AdR/ros2_ws/build/pr1/build/lib/pr1
[0.974s] copying pr1/__init__.py -> /home/student/AdR/ros2_ws/build/pr1/build/lib/pr1
[0.975s] copying pr1/publisher.py -> /home/student/AdR/ros2_ws/build/pr1/build/lib/pr1
[0.975s] copying pr1/subscriber.py -> /home/student/AdR/ros2_ws/build/pr1/build/lib/pr1
[0.976s] running install
[0.976s] running install_lib
[0.977s] creating /home/student/AdR/ros2_ws/install/pr1/lib/python3.10/site-packages/pr1
[0.977s] copying /home/student/AdR/ros2_ws/build/pr1/build/lib/pr1/__init__.py -> /home/student/AdR/ros2_ws/install/pr1/lib/python3.10/site-packages/pr1
[0.978s] copying /home/student/AdR/ros2_ws/build/pr1/build/lib/pr1/publisher.py -> /home/student/AdR/ros2_ws/install/pr1/lib/python3.10/site-packages/pr1
[0.978s] copying /home/student/AdR/ros2_ws/build/pr1/build/lib/pr1/subscriber.py -> /home/student/AdR/ros2_ws/install/pr1/lib/python3.10/site-packages/pr1
[0.978s] byte-compiling /home/student/AdR/ros2_ws/install/pr1/lib/python3.10/site-packages/pr1/__init__.py to __init__.cpython-310.pyc
[0.979s] byte-compiling /home/student/AdR/ros2_ws/install/pr1/lib/python3.10/site-packages/pr1/publisher.py to publisher.cpython-310.pyc
[0.979s] byte-compiling /home/student/AdR/ros2_ws/install/pr1/lib/python3.10/site-packages/pr1/subscriber.py to subscriber.cpython-310.pyc
[0.980s] running install_data
[0.980s] creating /home/student/AdR/ros2_ws/install/pr1/share/ament_index
[0.981s] creating /home/student/AdR/ros2_ws/install/pr1/share/ament_index/resource_index
[0.981s] creating /home/student/AdR/ros2_ws/install/pr1/share/ament_index/resource_index/packages
[0.981s] copying resource/pr1 -> /home/student/AdR/ros2_ws/install/pr1/share/ament_index/resource_index/packages
[0.982s] copying package.xml -> /home/student/AdR/ros2_ws/install/pr1/share/pr1
[0.982s] running install_egg_info
[0.984s] Copying ../../build/pr1/pr1.egg-info to /home/student/AdR/ros2_ws/install/pr1/lib/python3.10/site-packages/pr1-0.0.1-py3.10.egg-info
[0.986s] running install_scripts
[1.005s] Installing publisher script to /home/student/AdR/ros2_ws/install/pr1/lib/pr1
[1.006s] Installing subscriber script to /home/student/AdR/ros2_ws/install/pr1/lib/pr1
[1.006s] writing list of installed files to '/home/student/AdR/ros2_ws/build/pr1/install.log'
[1.036s] Invoked command in '/home/student/AdR/ros2_ws/src/pr1' returned '0': PYTHONPATH=/home/student/AdR/ros2_ws/build/pr1/prefix_override:/usr/lib/python3/dist-packages/colcon_core/task/python/colcon_distutils_commands:/home/student/AdR/ros2_ws/install/pr1/lib/python3.10/site-packages:${PYTHONPATH} /usr/bin/python3 -W ignore:setup.py install is deprecated -W ignore:easy_install command is deprecated setup.py egg_info --egg-base ../../build/pr1 build --build-base /home/student/AdR/ros2_ws/build/pr1/build install --record /home/student/AdR/ros2_ws/build/pr1/install.log --single-version-externally-managed install_data
