running egg_info
writing ../../build/pr1/pr1.egg-info/PKG-INFO
writing dependency_links to ../../build/pr1/pr1.egg-info/dependency_links.txt
writing entry points to ../../build/pr1/pr1.egg-info/entry_points.txt
writing requirements to ../../build/pr1/pr1.egg-info/requires.txt
writing top-level names to ../../build/pr1/pr1.egg-info/top_level.txt
reading manifest file '../../build/pr1/pr1.egg-info/SOURCES.txt'
adding license file 'LICENSE'
writing manifest file '../../build/pr1/pr1.egg-info/SOURCES.txt'
running build
running build_py
running install
running install_lib
running install_data
running install_egg_info
removing '/home/student/AdR/ros2_ws/install/pr1/lib/python3.10/site-packages/pr1-0.0.1-py3.10.egg-info' (and everything under it)
Copying ../../build/pr1/pr1.egg-info to /home/student/AdR/ros2_ws/install/pr1/lib/python3.10/site-packages/pr1-0.0.1-py3.10.egg-info
running install_scripts
Installing client script to /home/student/AdR/ros2_ws/install/pr1/lib/pr1
Installing publisher script to /home/student/AdR/ros2_ws/install/pr1/lib/pr1
Installing service script to /home/student/AdR/ros2_ws/install/pr1/lib/pr1
Installing subscriber script to /home/student/AdR/ros2_ws/install/pr1/lib/pr1
writing list of installed files to '/home/student/AdR/ros2_ws/build/pr1/install.log'
