[0.892s] Invoking command in '/home/student/AdR/ros2_ws/src/pr1': PYTHONPATH=/home/student/AdR/ros2_ws/build/pr1/prefix_override:/usr/lib/python3/dist-packages/colcon_core/task/python/colcon_distutils_commands:/home/student/AdR/ros2_ws/install/pr1/lib/python3.10/site-packages:${PYTHONPATH} /usr/bin/python3 -W ignore:setup.py install is deprecated -W ignore:easy_install command is deprecated setup.py egg_info --egg-base ../../build/pr1 build --build-base /home/student/AdR/ros2_ws/build/pr1/build install --record /home/student/AdR/ros2_ws/build/pr1/install.log --single-version-externally-managed install_data
[1.095s] running egg_info
[1.096s] writing ../../build/pr1/pr1.egg-info/PKG-INFO
[1.096s] writing dependency_links to ../../build/pr1/pr1.egg-info/dependency_links.txt
[1.096s] writing entry points to ../../build/pr1/pr1.egg-info/entry_points.txt
[1.097s] writing requirements to ../../build/pr1/pr1.egg-info/requires.txt
[1.097s] writing top-level names to ../../build/pr1/pr1.egg-info/top_level.txt
[1.099s] reading manifest file '../../build/pr1/pr1.egg-info/SOURCES.txt'
[1.100s] adding license file 'LICENSE'
[1.101s] writing manifest file '../../build/pr1/pr1.egg-info/SOURCES.txt'
[1.101s] running build
[1.102s] running build_py
[1.102s] copying pr1/client.py -> /home/student/AdR/ros2_ws/build/pr1/build/lib/pr1
[1.102s] running install
[1.102s] running install_lib
[1.104s] copying /home/student/AdR/ros2_ws/build/pr1/build/lib/pr1/client.py -> /home/student/AdR/ros2_ws/install/pr1/lib/python3.10/site-packages/pr1
[1.104s] byte-compiling /home/student/AdR/ros2_ws/install/pr1/lib/python3.10/site-packages/pr1/client.py to client.cpython-310.pyc
[1.105s] running install_data
[1.106s] running install_egg_info
[1.107s] removing '/home/student/AdR/ros2_ws/install/pr1/lib/python3.10/site-packages/pr1-0.0.1-py3.10.egg-info' (and everything under it)
[1.108s] Copying ../../build/pr1/pr1.egg-info to /home/student/AdR/ros2_ws/install/pr1/lib/python3.10/site-packages/pr1-0.0.1-py3.10.egg-info
[1.109s] running install_scripts
[1.131s] Installing client script to /home/student/AdR/ros2_ws/install/pr1/lib/pr1
[1.132s] Installing publisher script to /home/student/AdR/ros2_ws/install/pr1/lib/pr1
[1.132s] Installing service script to /home/student/AdR/ros2_ws/install/pr1/lib/pr1
[1.132s] Installing subscriber script to /home/student/AdR/ros2_ws/install/pr1/lib/pr1
[1.132s] writing list of installed files to '/home/student/AdR/ros2_ws/build/pr1/install.log'
[1.165s] Invoked command in '/home/student/AdR/ros2_ws/src/pr1' returned '0': PYTHONPATH=/home/student/AdR/ros2_ws/build/pr1/prefix_override:/usr/lib/python3/dist-packages/colcon_core/task/python/colcon_distutils_commands:/home/student/AdR/ros2_ws/install/pr1/lib/python3.10/site-packages:${PYTHONPATH} /usr/bin/python3 -W ignore:setup.py install is deprecated -W ignore:easy_install command is deprecated setup.py egg_info --egg-base ../../build/pr1 build --build-base /home/student/AdR/ros2_ws/build/pr1/build install --record /home/student/AdR/ros2_ws/build/pr1/install.log --single-version-externally-managed install_data
