[0.578s] Invoking command in '/home/student/AdR/ros2_ws/src/pr1': PYTHONPATH=/home/student/AdR/ros2_ws/build/pr1/prefix_override:/usr/lib/python3/dist-packages/colcon_core/task/python/colcon_distutils_commands:/home/student/AdR/ros2_ws/install/pr1/lib/python3.10/site-packages:${PYTHONPATH} /usr/bin/python3 -W ignore:setup.py install is deprecated -W ignore:easy_install command is deprecated setup.py egg_info --egg-base ../../build/pr1 build --build-base /home/student/AdR/ros2_ws/build/pr1/build install --record /home/student/AdR/ros2_ws/build/pr1/install.log --single-version-externally-managed install_data
[0.772s] running egg_info
[0.773s] writing ../../build/pr1/pr1.egg-info/PKG-INFO
[0.773s] writing dependency_links to ../../build/pr1/pr1.egg-info/dependency_links.txt
[0.773s] writing entry points to ../../build/pr1/pr1.egg-info/entry_points.txt
[0.773s] writing requirements to ../../build/pr1/pr1.egg-info/requires.txt
[0.774s] writing top-level names to ../../build/pr1/pr1.egg-info/top_level.txt
[0.776s] reading manifest file '../../build/pr1/pr1.egg-info/SOURCES.txt'
[0.776s] adding license file 'LICENSE'
[0.776s] writing manifest file '../../build/pr1/pr1.egg-info/SOURCES.txt'
[0.776s] running build
[0.776s] running build_py
[0.777s] copying pr1/publisher.py -> /home/student/AdR/ros2_ws/build/pr1/build/lib/pr1
[0.777s] copying pr1/subscriber.py -> /home/student/AdR/ros2_ws/build/pr1/build/lib/pr1
[0.777s] running install
[0.777s] running install_lib
[0.778s] copying /home/student/AdR/ros2_ws/build/pr1/build/lib/pr1/publisher.py -> /home/student/AdR/ros2_ws/install/pr1/lib/python3.10/site-packages/pr1
[0.779s] copying /home/student/AdR/ros2_ws/build/pr1/build/lib/pr1/subscriber.py -> /home/student/AdR/ros2_ws/install/pr1/lib/python3.10/site-packages/pr1
[0.779s] byte-compiling /home/student/AdR/ros2_ws/install/pr1/lib/python3.10/site-packages/pr1/publisher.py to publisher.cpython-310.pyc
[0.780s] byte-compiling /home/student/AdR/ros2_ws/install/pr1/lib/python3.10/site-packages/pr1/subscriber.py to subscriber.cpython-310.pyc
[0.781s] running install_data
[0.781s] running install_egg_info
[0.783s] removing '/home/student/AdR/ros2_ws/install/pr1/lib/python3.10/site-packages/pr1-0.0.1-py3.10.egg-info' (and everything under it)
[0.783s] Copying ../../build/pr1/pr1.egg-info to /home/student/AdR/ros2_ws/install/pr1/lib/python3.10/site-packages/pr1-0.0.1-py3.10.egg-info
[0.784s] running install_scripts
[0.804s] Installing publisher script to /home/student/AdR/ros2_ws/install/pr1/lib/pr1
[0.804s] Installing subscriber script to /home/student/AdR/ros2_ws/install/pr1/lib/pr1
[0.805s] writing list of installed files to '/home/student/AdR/ros2_ws/build/pr1/install.log'
[0.835s] Invoked command in '/home/student/AdR/ros2_ws/src/pr1' returned '0': PYTHONPATH=/home/student/AdR/ros2_ws/build/pr1/prefix_override:/usr/lib/python3/dist-packages/colcon_core/task/python/colcon_distutils_commands:/home/student/AdR/ros2_ws/install/pr1/lib/python3.10/site-packages:${PYTHONPATH} /usr/bin/python3 -W ignore:setup.py install is deprecated -W ignore:easy_install command is deprecated setup.py egg_info --egg-base ../../build/pr1 build --build-base /home/student/AdR/ros2_ws/build/pr1/build install --record /home/student/AdR/ros2_ws/build/pr1/install.log --single-version-externally-managed install_data
