/home/student/AdR/ros2_ws/install/pr1/lib/python3.10/site-packages/pr1/client.py
/home/student/AdR/ros2_ws/install/pr1/lib/python3.10/site-packages/pr1/__init__.py
/home/student/AdR/ros2_ws/install/pr1/lib/python3.10/site-packages/pr1/publisher.py
/home/student/AdR/ros2_ws/install/pr1/lib/python3.10/site-packages/pr1/subscriber.py
/home/student/AdR/ros2_ws/install/pr1/lib/python3.10/site-packages/pr1/service.py
/home/student/AdR/ros2_ws/install/pr1/lib/python3.10/site-packages/pr1/__pycache__/client.cpython-310.pyc
/home/student/AdR/ros2_ws/install/pr1/lib/python3.10/site-packages/pr1/__pycache__/__init__.cpython-310.pyc
/home/student/AdR/ros2_ws/install/pr1/lib/python3.10/site-packages/pr1/__pycache__/publisher.cpython-310.pyc
/home/student/AdR/ros2_ws/install/pr1/lib/python3.10/site-packages/pr1/__pycache__/subscriber.cpython-310.pyc
/home/student/AdR/ros2_ws/install/pr1/lib/python3.10/site-packages/pr1/__pycache__/service.cpython-310.pyc
/home/student/AdR/ros2_ws/install/pr1/share/ament_index/resource_index/packages/pr1
/home/student/AdR/ros2_ws/install/pr1/share/pr1/package.xml
/home/student/AdR/ros2_ws/install/pr1/lib/python3.10/site-packages/pr1-0.0.1-py3.10.egg-info/zip-safe
/home/student/AdR/ros2_ws/install/pr1/lib/python3.10/site-packages/pr1-0.0.1-py3.10.egg-info/dependency_links.txt
/home/student/AdR/ros2_ws/install/pr1/lib/python3.10/site-packages/pr1-0.0.1-py3.10.egg-info/requires.txt
/home/student/AdR/ros2_ws/install/pr1/lib/python3.10/site-packages/pr1-0.0.1-py3.10.egg-info/top_level.txt
/home/student/AdR/ros2_ws/install/pr1/lib/python3.10/site-packages/pr1-0.0.1-py3.10.egg-info/SOURCES.txt
/home/student/AdR/ros2_ws/install/pr1/lib/python3.10/site-packages/pr1-0.0.1-py3.10.egg-info/entry_points.txt
/home/student/AdR/ros2_ws/install/pr1/lib/python3.10/site-packages/pr1-0.0.1-py3.10.egg-info/PKG-INFO
/home/student/AdR/ros2_ws/install/pr1/lib/pr1/client
/home/student/AdR/ros2_ws/install/pr1/lib/pr1/publisher
/home/student/AdR/ros2_ws/install/pr1/lib/pr1/service
/home/student/AdR/ros2_ws/install/pr1/lib/pr1/subscriber
